#
# A fatal error has been detected by the Java Runtime Environment:
#
#  Internal Error (javaClasses.cpp:139), pid=7676, tid=139919902156544
#  fatal error: Invalid layout of preloaded class
#
# JRE version:  (7.0_65-b32) (build )
# Java VM: OpenJDK 64-Bit Server VM (24.65-b04 mixed mode linux-amd64 compressed oops)
# Derivative: IcedTea 2.5.3
# Distribution: Ubuntu 14.04 LTS, package 7u71-2.5.3-0ubuntu0.14.04.1
# Failed to write core dump. Core dumps have been disabled. To enable core dumping, try "ulimit -c unlimited" before starting Java again
#
# If you would like to submit a bug report, please include
# instructions on how to reproduce the bug and visit:
#   http://icedtea.classpath.org/bugzilla
#

---------------  T H R E A D  ---------------

Current thread (0x00007f419c00c800):  JavaThread "Unknown thread" [_thread_in_vm, id=7683, stack(0x00007f41a400a000,0x00007f41a410b000)]

Stack: [0x00007f41a400a000,0x00007f41a410b000],  sp=0x00007f41a4109900,  free space=1022k
Native frames: (J=compiled Java code, j=interpreted, Vv=VM code, C=native code)
V  [libjvm.so+0x948b05]  VMError::report_and_die()+0x175
V  [libjvm.so+0x48bba4]  report_fatal(char const*, int, char const*)+0x54
V  [libjvm.so+0x5e8ce0]  compute_offset(int&, klassOopDesc*, Symbol*, Symbol*, bool) [clone .constprop.120]+0xc0
V  [libjvm.so+0x5e8db6]  java_lang_String::compute_offsets()+0x36
V  [libjvm.so+0x8ce6ec]  SystemDictionary::initialize_preloaded_classes(Thread*)+0xcc
V  [libjvm.so+0x919fd8]  Universe::genesis(Thread*)+0x468
V  [libjvm.so+0x91a5e4]  universe2_init()+0x24
V  [libjvm.so+0x59d29a]  init_globals()+0x9a
V  [libjvm.so+0x8fd3bf]  Threads::create_vm(JavaVMInitArgs*, bool*)+0x35f
V  [libjvm.so+0x6085d4]  JNI_CreateJavaVM+0x54
C  [libjli.so+0x2b48]


---------------  P R O C E S S  ---------------

Java Threads: ( => current thread )

Other Threads:

=>0x00007f419c00c800 (exited) JavaThread "Unknown thread" [_thread_in_vm, id=7683, stack(0x00007f41a400a000,0x00007f41a410b000)]

VM state:not at safepoint (not fully initialized)

VM Mutex/Monitor currently owned by a thread: None

GC Heap History (0 events):
No events

Deoptimization events (0 events):
No events

Internal exceptions (0 events):
No events

Events (10 events):
Event: 0,024 loading class 0x00007f41a00ab6f0 done
Event: 0,024 loading class 0x00007f41a00ab110 done
Event: 0,024 loading class 0x00007f41a00ab0f0
Event: 0,024 loading class 0x00007f41a00b31c0
Event: 0,024 loading class 0x00007f41a00b31c0 done
Event: 0,024 loading class 0x00007f41a00b31f0
Event: 0,025 loading class 0x00007f41a00b31f0 done
Event: 0,025 loading class 0x00007f41a00b3220
Event: 0,025 loading class 0x00007f41a00b3220 done
Event: 0,025 loading class 0x00007f41a00ab0f0 done


Dynamic libraries:
00400000-00401000 r-xp 00000000 08:05 13241122                           /usr/lib/jvm/java-7-openjdk-amd64/jre/bin/java
00600000-00601000 r--p 00000000 08:05 13241122                           /usr/lib/jvm/java-7-openjdk-amd64/jre/bin/java
00601000-00602000 rw-p 00001000 08:05 13241122                           /usr/lib/jvm/java-7-openjdk-amd64/jre/bin/java
01826000-01847000 rw-p 00000000 00:00 0                                  [heap]
701800000-702d00000 rw-p 00000000 00:00 0 
702d00000-70be00000 rw-p 00000000 00:00 0 
70be00000-716080000 rw-p 00000000 00:00 0 
716080000-7aea00000 rw-p 00000000 00:00 0 
7aea00000-7b3b80000 rw-p 00000000 00:00 0 
7b3b80000-800000000 rw-p 00000000 00:00 0 
7f4184000000-7f4184021000 rw-p 00000000 00:00 0 
7f4184021000-7f4188000000 ---p 00000000 00:00 0 
7f418b80c000-7f418c000000 rw-p 00000000 00:00 0 
7f418c000000-7f418c021000 rw-p 00000000 00:00 0 
7f418c021000-7f4190000000 ---p 00000000 00:00 0 
7f4190085000-7f41902bf000 rw-p 00000000 00:00 0 
7f41902bf000-7f41903b5000 r--s 017aa000 08:05 25166162                   /opt/android-sdk-linux/platforms/android-21/android.jar
7f41903b5000-7f4198347000 rw-p 00000000 00:00 0 
7f4198347000-7f419880b000 rw-p 00000000 00:00 0 
7f419880b000-7f4198816000 rw-p 00000000 00:00 0 
7f4198816000-7f419885e000 rw-p 00000000 00:00 0 
7f419885e000-7f41988b0000 rw-p 00000000 00:00 0 
7f41988b0000-7f4198d74000 rw-p 00000000 00:00 0 
7f4198d74000-7f4198d9d000 rw-p 00000000 00:00 0 
7f4198d9d000-7f4198fff000 rw-p 00000000 00:00 0 
7f4198fff000-7f4199000000 rw-p 00000000 00:00 0 
7f4199000000-7f4199270000 rwxp 00000000 00:00 0 
7f4199270000-7f419c055000 rw-p 00000000 00:00 0 
7f419c055000-7f41a0000000 ---p 00000000 00:00 0 
7f41a000a000-7f41a017e000 rw-p 00000000 00:00 0 
7f41a017e000-7f41a017f000 ---p 00000000 00:00 0 
7f41a017f000-7f41a027f000 rw-p 00000000 00:00 0                          [stack:7685]
7f41a027f000-7f41a0280000 ---p 00000000 00:00 0 
7f41a0280000-7f41a038b000 rw-p 00000000 00:00 0                          [stack:7684]
7f41a038b000-7f41a03d3000 rw-p 00000000 00:00 0 
7f41a03d3000-7f41a03db000 r-xp 00000000 08:05 13240545                   /usr/lib/jvm/java-7-openjdk-amd64/jre/lib/amd64/libzip.so
7f41a03db000-7f41a05da000 ---p 00008000 08:05 13240545                   /usr/lib/jvm/java-7-openjdk-amd64/jre/lib/amd64/libzip.so
7f41a05da000-7f41a05db000 r--p 00007000 08:05 13240545                   /usr/lib/jvm/java-7-openjdk-amd64/jre/lib/amd64/libzip.so
7f41a05db000-7f41a05dc000 rw-p 00008000 08:05 13240545                   /usr/lib/jvm/java-7-openjdk-amd64/jre/lib/amd64/libzip.so
7f41a05dc000-7f41a05e7000 r-xp 00000000 08:05 7341046                    /lib/x86_64-linux-gnu/libnss_files-2.19.so
7f41a05e7000-7f41a07e6000 ---p 0000b000 08:05 7341046                    /lib/x86_64-linux-gnu/libnss_files-2.19.so
7f41a07e6000-7f41a07e7000 r--p 0000a000 08:05 7341046                    /lib/x86_64-linux-gnu/libnss_files-2.19.so
7f41a07e7000-7f41a07e8000 rw-p 0000b000 08:05 7341046                    /lib/x86_64-linux-gnu/libnss_files-2.19.so
7f41a07e8000-7f41a07f3000 r-xp 00000000 08:05 7341047                    /lib/x86_64-linux-gnu/libnss_nis-2.19.so
7f41a07f3000-7f41a09f2000 ---p 0000b000 08:05 7341047                    /lib/x86_64-linux-gnu/libnss_nis-2.19.so
7f41a09f2000-7f41a09f3000 r--p 0000a000 08:05 7341047                    /lib/x86_64-linux-gnu/libnss_nis-2.19.so
7f41a09f3000-7f41a09f4000 rw-p 0000b000 08:05 7341047                    /lib/x86_64-linux-gnu/libnss_nis-2.19.so
7f41a09f4000-7f41a0a0b000 r-xp 00000000 08:05 7340997                    /lib/x86_64-linux-gnu/libnsl-2.19.so
7f41a0a0b000-7f41a0c0a000 ---p 00017000 08:05 7340997                    /lib/x86_64-linux-gnu/libnsl-2.19.so
7f41a0c0a000-7f41a0c0b000 r--p 00016000 08:05 7340997                    /lib/x86_64-linux-gnu/libnsl-2.19.so
7f41a0c0b000-7f41a0c0c000 rw-p 00017000 08:05 7340997                    /lib/x86_64-linux-gnu/libnsl-2.19.so
7f41a0c0c000-7f41a0c0e000 rw-p 00000000 00:00 0 
7f41a0c0e000-7f41a0c17000 r-xp 00000000 08:05 7340061                    /lib/x86_64-linux-gnu/libnss_compat-2.19.so
7f41a0c17000-7f41a0e16000 ---p 00009000 08:05 7340061                    /lib/x86_64-linux-gnu/libnss_compat-2.19.so
7f41a0e16000-7f41a0e17000 r--p 00008000 08:05 7340061                    /lib/x86_64-linux-gnu/libnss_compat-2.19.so
7f41a0e17000-7f41a0e18000 rw-p 00009000 08:05 7340061                    /lib/x86_64-linux-gnu/libnss_compat-2.19.so
7f41a0e18000-7f41a1259000 r--p 00000000 08:05 13113257                   /usr/lib/locale/locale-archive
7f41a1259000-7f41a125c000 r-xp 00000000 08:05 13240910                   /usr/lib/jvm/java-7-openjdk-amd64/jre/lib/amd64/libnpt.so
7f41a125c000-7f41a145b000 ---p 00003000 08:05 13240910                   /usr/lib/jvm/java-7-openjdk-amd64/jre/lib/amd64/libnpt.so
7f41a145b000-7f41a145c000 r--p 00002000 08:05 13240910                   /usr/lib/jvm/java-7-openjdk-amd64/jre/lib/amd64/libnpt.so
7f41a145c000-7f41a145d000 rw-p 00003000 08:05 13240910                   /usr/lib/jvm/java-7-openjdk-amd64/jre/lib/amd64/libnpt.so
7f41a145d000-7f41a1497000 r-xp 00000000 08:05 13240905                   /usr/lib/jvm/java-7-openjdk-amd64/jre/lib/amd64/libjdwp.so
7f41a1497000-7f41a1696000 ---p 0003a000 08:05 13240905                   /usr/lib/jvm/java-7-openjdk-amd64/jre/lib/amd64/libjdwp.so
7f41a1696000-7f41a1697000 r--p 00039000 08:05 13240905                   /usr/lib/jvm/java-7-openjdk-amd64/jre/lib/amd64/libjdwp.so
7f41a1697000-7f41a1698000 rw-p 0003a000 08:05 13240905                   /usr/lib/jvm/java-7-openjdk-amd64/jre/lib/amd64/libjdwp.so
7f41a1698000-7f41a16c3000 r-xp 00000000 08:05 13240624                   /usr/lib/jvm/java-7-openjdk-amd64/jre/lib/amd64/libjava.so
7f41a16c3000-7f41a18c2000 ---p 0002b000 08:05 13240624                   /usr/lib/jvm/java-7-openjdk-amd64/jre/lib/amd64/libjava.so
7f41a18c2000-7f41a18c3000 r--p 0002a000 08:05 13240624                   /usr/lib/jvm/java-7-openjdk-amd64/jre/lib/amd64/libjava.so
7f41a18c3000-7f41a18c5000 rw-p 0002b000 08:05 13240624                   /usr/lib/jvm/java-7-openjdk-amd64/jre/lib/amd64/libjava.so
7f41a18c5000-7f41a18d5000 r-xp 00000000 08:05 13240907                   /usr/lib/jvm/java-7-openjdk-amd64/jre/lib/amd64/libverify.so
7f41a18d5000-7f41a1ad4000 ---p 00010000 08:05 13240907                   /usr/lib/jvm/java-7-openjdk-amd64/jre/lib/amd64/libverify.so
7f41a1ad4000-7f41a1ad6000 r--p 0000f000 08:05 13240907                   /usr/lib/jvm/java-7-openjdk-amd64/jre/lib/amd64/libverify.so
7f41a1ad6000-7f41a1ad7000 rw-p 00011000 08:05 13240907                   /usr/lib/jvm/java-7-openjdk-amd64/jre/lib/amd64/libverify.so
7f41a1ad7000-7f41a1ade000 r-xp 00000000 08:05 7340999                    /lib/x86_64-linux-gnu/librt-2.19.so
7f41a1ade000-7f41a1cdd000 ---p 00007000 08:05 7340999                    /lib/x86_64-linux-gnu/librt-2.19.so
7f41a1cdd000-7f41a1cde000 r--p 00006000 08:05 7340999                    /lib/x86_64-linux-gnu/librt-2.19.so
7f41a1cde000-7f41a1cdf000 rw-p 00007000 08:05 7340999                    /lib/x86_64-linux-gnu/librt-2.19.so
7f41a1cdf000-7f41a1cf5000 r-xp 00000000 08:05 7341031                    /lib/x86_64-linux-gnu/libgcc_s.so.1
7f41a1cf5000-7f41a1ef4000 ---p 00016000 08:05 7341031                    /lib/x86_64-linux-gnu/libgcc_s.so.1
7f41a1ef4000-7f41a1ef5000 rw-p 00015000 08:05 7341031                    /lib/x86_64-linux-gnu/libgcc_s.so.1
7f41a1ef5000-7f41a1ffa000 r-xp 00000000 08:05 7341021                    /lib/x86_64-linux-gnu/libm-2.19.so
7f41a1ffa000-7f41a21f9000 ---p 00105000 08:05 7341021                    /lib/x86_64-linux-gnu/libm-2.19.so
7f41a21f9000-7f41a21fa000 r--p 00104000 08:05 7341021                    /lib/x86_64-linux-gnu/libm-2.19.so
7f41a21fa000-7f41a21fb000 rw-p 00105000 08:05 7341021                    /lib/x86_64-linux-gnu/libm-2.19.so
7f41a21fb000-7f41a22e1000 r-xp 00000000 08:05 13115415                   /usr/lib/x86_64-linux-gnu/libstdc++.so.6.0.19
7f41a22e1000-7f41a24e0000 ---p 000e6000 08:05 13115415                   /usr/lib/x86_64-linux-gnu/libstdc++.so.6.0.19
7f41a24e0000-7f41a24e8000 r--p 000e5000 08:05 13115415                   /usr/lib/x86_64-linux-gnu/libstdc++.so.6.0.19
7f41a24e8000-7f41a24ea000 rw-p 000ed000 08:05 13115415                   /usr/lib/x86_64-linux-gnu/libstdc++.so.6.0.19
7f41a24ea000-7f41a24ff000 rw-p 00000000 00:00 0 
7f41a24ff000-7f41a3015000 r-xp 00000000 08:05 13240933                   /usr/lib/jvm/java-7-openjdk-amd64/jre/lib/amd64/server/libjvm.so
7f41a3015000-7f41a3214000 ---p 00b16000 08:05 13240933                   /usr/lib/jvm/java-7-openjdk-amd64/jre/lib/amd64/server/libjvm.so
7f41a3214000-7f41a32ae000 r--p 00b15000 08:05 13240933                   /usr/lib/jvm/java-7-openjdk-amd64/jre/lib/amd64/server/libjvm.so
7f41a32ae000-7f41a32d1000 rw-p 00baf000 08:05 13240933                   /usr/lib/jvm/java-7-openjdk-amd64/jre/lib/amd64/server/libjvm.so
7f41a32d1000-7f41a32ff000 rw-p 00000000 00:00 0 
7f41a32ff000-7f41a3317000 r-xp 00000000 08:05 7344262                    /lib/x86_64-linux-gnu/libz.so.1.2.8
7f41a3317000-7f41a3516000 ---p 00018000 08:05 7344262                    /lib/x86_64-linux-gnu/libz.so.1.2.8
7f41a3516000-7f41a3517000 r--p 00017000 08:05 7344262                    /lib/x86_64-linux-gnu/libz.so.1.2.8
7f41a3517000-7f41a3518000 rw-p 00018000 08:05 7344262                    /lib/x86_64-linux-gnu/libz.so.1.2.8
7f41a3518000-7f41a3531000 r-xp 00000000 08:05 7341060                    /lib/x86_64-linux-gnu/libpthread-2.19.so
7f41a3531000-7f41a3730000 ---p 00019000 08:05 7341060                    /lib/x86_64-linux-gnu/libpthread-2.19.so
7f41a3730000-7f41a3731000 r--p 00018000 08:05 7341060                    /lib/x86_64-linux-gnu/libpthread-2.19.so
7f41a3731000-7f41a3732000 rw-p 00019000 08:05 7341060                    /lib/x86_64-linux-gnu/libpthread-2.19.so
7f41a3732000-7f41a3736000 rw-p 00000000 00:00 0 
7f41a3736000-7f41a3739000 r-xp 00000000 08:05 7341059                    /lib/x86_64-linux-gnu/libdl-2.19.so
7f41a3739000-7f41a3938000 ---p 00003000 08:05 7341059                    /lib/x86_64-linux-gnu/libdl-2.19.so
7f41a3938000-7f41a3939000 r--p 00002000 08:05 7341059                    /lib/x86_64-linux-gnu/libdl-2.19.so
7f41a3939000-7f41a393a000 rw-p 00003000 08:05 7341059                    /lib/x86_64-linux-gnu/libdl-2.19.so
7f41a393a000-7f41a3af5000 r-xp 00000000 08:05 7341012                    /lib/x86_64-linux-gnu/libc-2.19.so
7f41a3af5000-7f41a3cf5000 ---p 001bb000 08:05 7341012                    /lib/x86_64-linux-gnu/libc-2.19.so
7f41a3cf5000-7f41a3cf9000 r--p 001bb000 08:05 7341012                    /lib/x86_64-linux-gnu/libc-2.19.so
7f41a3cf9000-7f41a3cfb000 rw-p 001bf000 08:05 7341012                    /lib/x86_64-linux-gnu/libc-2.19.so
7f41a3cfb000-7f41a3d00000 rw-p 00000000 00:00 0 
7f41a3d00000-7f41a3d0d000 r-xp 00000000 08:05 13240598                   /usr/lib/jvm/java-7-openjdk-amd64/jre/lib/amd64/jli/libjli.so
7f41a3d0d000-7f41a3f0c000 ---p 0000d000 08:05 13240598                   /usr/lib/jvm/java-7-openjdk-amd64/jre/lib/amd64/jli/libjli.so
7f41a3f0c000-7f41a3f0d000 r--p 0000c000 08:05 13240598                   /usr/lib/jvm/java-7-openjdk-amd64/jre/lib/amd64/jli/libjli.so
7f41a3f0d000-7f41a3f0e000 rw-p 0000d000 08:05 13240598                   /usr/lib/jvm/java-7-openjdk-amd64/jre/lib/amd64/jli/libjli.so
7f41a3f0e000-7f41a3f31000 r-xp 00000000 08:05 7341017                    /lib/x86_64-linux-gnu/ld-2.19.so
7f41a3f4a000-7f41a3f54000 rw-p 00000000 00:00 0 
7f41a3f54000-7f41a400a000 rw-p 00000000 00:00 0 
7f41a400a000-7f41a400d000 ---p 00000000 00:00 0 
7f41a400d000-7f41a4110000 rw-p 00000000 00:00 0                          [stack:7683]
7f41a4122000-7f41a4124000 rw-p 00000000 00:00 0 
7f41a4124000-7f41a412c000 rw-s 00000000 08:05 11797111                   /tmp/hsperfdata_dennis/7676
7f41a412c000-7f41a412d000 rw-p 00000000 00:00 0 
7f41a412d000-7f41a412e000 r--p 00000000 00:00 0 
7f41a412e000-7f41a4130000 rw-p 00000000 00:00 0 
7f41a4130000-7f41a4131000 r--p 00022000 08:05 7341017                    /lib/x86_64-linux-gnu/ld-2.19.so
7f41a4131000-7f41a4132000 rw-p 00023000 08:05 7341017                    /lib/x86_64-linux-gnu/ld-2.19.so
7f41a4132000-7f41a4133000 rw-p 00000000 00:00 0 
7fffe5bbe000-7fffe5bdf000 rw-p 00000000 00:00 0                          [stack]
7fffe5bfe000-7fffe5c00000 r-xp 00000000 00:00 0                          [vdso]
ffffffffff600000-ffffffffff601000 r-xp 00000000 00:00 0                  [vsyscall]

VM Arguments:
jvm_args: -agentlib:jdwp=transport=dt_socket,suspend=y,address=localhost:51833 -Dfile.encoding=UTF-8 -Xbootclasspath:/opt/android-sdk-linux/platforms/android-21/android.jar 
java_command: 
Launcher Type: SUN_STANDARD

Environment Variables:
PATH=/usr/local/sbin:/usr/local/bin:/usr/sbin:/usr/bin:/sbin:/bin:/usr/games:/usr/local/games
USERNAME=dennis
SHELL=/bin/bash
DISPLAY=:0.0

Signal Handlers:
SIGSEGV: [libjvm.so+0x9495e0], sa_mask[0]=0x7ffbfeff, sa_flags=0x10000004
SIGBUS: [libjvm.so+0x9495e0], sa_mask[0]=0x7ffbfeff, sa_flags=0x10000004
SIGFPE: [libjvm.so+0x7c3410], sa_mask[0]=0x7ffbfeff, sa_flags=0x10000004
SIGPIPE: [libjvm.so+0x7c3410], sa_mask[0]=0x7ffbfeff, sa_flags=0x10000004
SIGXFSZ: [libjvm.so+0x7c3410], sa_mask[0]=0x7ffbfeff, sa_flags=0x10000004
SIGILL: [libjvm.so+0x7c3410], sa_mask[0]=0x7ffbfeff, sa_flags=0x10000004
SIGUSR1: SIG_DFL, sa_mask[0]=0x00000000, sa_flags=0x00000000
SIGUSR2: [libjvm.so+0x7c32b0], sa_mask[0]=0x00000004, sa_flags=0x10000004
SIGHUP: SIG_DFL, sa_mask[0]=0x00000000, sa_flags=0x00000000
SIGINT: SIG_DFL, sa_mask[0]=0x00000000, sa_flags=0x00000000
SIGTERM: SIG_DFL, sa_mask[0]=0x00000000, sa_flags=0x00000000
SIGQUIT: SIG_DFL, sa_mask[0]=0x00000000, sa_flags=0x00000000
SIGTRAP: SIG_DFL, sa_mask[0]=0x00000000, sa_flags=0x00000000


---------------  S Y S T E M  ---------------

OS:LinuxMint 17 (qiana)
uname:Linux 3.13.0-24-generic #46-Ubuntu SMP Thu Apr 10 19:11:08 UTC 2014 x86_64
libc:glibc 2.19 NPTL 2.19 
rlimit: STACK 8192k, CORE 0k, NPROC 124742, NOFILE 4096, AS infinity
load average:0,79 0,77 0,82

/proc/meminfo:
MemTotal:       15998124 kB
MemFree:        12435196 kB
Buffers:          209740 kB
Cached:          1239900 kB
SwapCached:            0 kB
Active:          2421640 kB
Inactive:         782752 kB
Active(anon):    1756056 kB
Inactive(anon):    56788 kB
Active(file):     665584 kB
Inactive(file):   725964 kB
Unevictable:          76 kB
Mlocked:              76 kB
SwapTotal:      16333820 kB
SwapFree:       16333820 kB
Dirty:                76 kB
Writeback:             0 kB
AnonPages:       1754956 kB
Mapped:           257484 kB
Shmem:             58096 kB
Slab:             173568 kB
SReclaimable:     144884 kB
SUnreclaim:        28684 kB
KernelStack:        4432 kB
PageTables:        36464 kB
NFS_Unstable:          0 kB
Bounce:                0 kB
WritebackTmp:          0 kB
CommitLimit:    24332880 kB
Committed_AS:    5565652 kB
VmallocTotal:   34359738367 kB
VmallocUsed:      316088 kB
VmallocChunk:   34359408732 kB
HardwareCorrupted:     0 kB
AnonHugePages:    864256 kB
HugePages_Total:       0
HugePages_Free:        0
HugePages_Rsvd:        0
HugePages_Surp:        0
Hugepagesize:       2048 kB
DirectMap4k:       61128 kB
DirectMap2M:     3690496 kB
DirectMap1G:    12582912 kB


CPU:total 2 (2 cores per cpu, 1 threads per core) family 20 model 2 stepping 0, cmov, cx8, fxsr, mmx, sse, sse2, sse3, ssse3, popcnt, mmxext, lzcnt, sse4a, tsc, tscinvbit, tscinv

/proc/cpuinfo:
processor	: 0
vendor_id	: AuthenticAMD
cpu family	: 20
model		: 2
model name	: AMD E2-2000 APU with Radeon(tm) HD Graphics
stepping	: 0
microcode	: 0x500010d
cpu MHz		: 1750.000
cache size	: 512 KB
physical id	: 0
siblings	: 2
core id		: 0
cpu cores	: 2
apicid		: 0
initial apicid	: 0
fpu		: yes
fpu_exception	: yes
cpuid level	: 6
wp		: yes
flags		: fpu vme de pse tsc msr pae mce cx8 apic sep mtrr pge mca cmov pat pse36 clflush mmx fxsr sse sse2 ht syscall nx mmxext fxsr_opt pdpe1gb rdtscp lm constant_tsc rep_good nopl nonstop_tsc extd_apicid aperfmperf pni monitor ssse3 cx16 popcnt lahf_lm cmp_legacy svm extapic cr8_legacy abm sse4a misalignsse 3dnowprefetch ibs skinit wdt arat hw_pstate npt lbrv svm_lock nrip_save pausefilter
bogomips	: 3499.92
TLB size	: 1024 4K pages
clflush size	: 64
cache_alignment	: 64
address sizes	: 36 bits physical, 48 bits virtual
power management: ts ttp tm stc 100mhzsteps hwpstate

processor	: 1
vendor_id	: AuthenticAMD
cpu family	: 20
model		: 2
model name	: AMD E2-2000 APU with Radeon(tm) HD Graphics
stepping	: 0
microcode	: 0x500010d
cpu MHz		: 1400.000
cache size	: 512 KB
physical id	: 0
siblings	: 2
core id		: 1
cpu cores	: 2
apicid		: 1
initial apicid	: 1
fpu		: yes
fpu_exception	: yes
cpuid level	: 6
wp		: yes
flags		: fpu vme de pse tsc msr pae mce cx8 apic sep mtrr pge mca cmov pat pse36 clflush mmx fxsr sse sse2 ht syscall nx mmxext fxsr_opt pdpe1gb rdtscp lm constant_tsc rep_good nopl nonstop_tsc extd_apicid aperfmperf pni monitor ssse3 cx16 popcnt lahf_lm cmp_legacy svm extapic cr8_legacy abm sse4a misalignsse 3dnowprefetch ibs skinit wdt arat hw_pstate npt lbrv svm_lock nrip_save pausefilter
bogomips	: 3499.92
TLB size	: 1024 4K pages
clflush size	: 64
cache_alignment	: 64
address sizes	: 36 bits physical, 48 bits virtual
power management: ts ttp tm stc 100mhzsteps hwpstate



Memory: 4k page, physical 15998124k(12435196k free), swap 16333820k(16333820k free)

vm_info: OpenJDK 64-Bit Server VM (24.65-b04) for linux-amd64 JRE (1.7.0_65-b32), built on Oct 22 2014 04:37:44 by "buildd" with gcc 4.8.2

time: Wed Jan 28 15:38:37 2015
elapsed time: 0 seconds

