#
# A fatal error has been detected by the Java Runtime Environment:
#
#  Internal Error (javaClasses.cpp:139), pid=7663, tid=140280728352512
#  fatal error: Invalid layout of preloaded class
#
# JRE version:  (7.0_65-b32) (build )
# Java VM: OpenJDK 64-Bit Server VM (24.65-b04 mixed mode linux-amd64 compressed oops)
# Derivative: IcedTea 2.5.3
# Distribution: Ubuntu 14.04 LTS, package 7u71-2.5.3-0ubuntu0.14.04.1
# Failed to write core dump. Core dumps have been disabled. To enable core dumping, try "ulimit -c unlimited" before starting Java again
#
# If you would like to submit a bug report, please include
# instructions on how to reproduce the bug and visit:
#   http://icedtea.classpath.org/bugzilla
#

---------------  T H R E A D  ---------------

Current thread (0x00007f95a000c800):  JavaThread "Unknown thread" [_thread_in_vm, id=7665, stack(0x00007f95a6eb7000,0x00007f95a6fb8000)]

Stack: [0x00007f95a6eb7000,0x00007f95a6fb8000],  sp=0x00007f95a6fb6900,  free space=1022k
Native frames: (J=compiled Java code, j=interpreted, Vv=VM code, C=native code)
V  [libjvm.so+0x948b05]  VMError::report_and_die()+0x175
V  [libjvm.so+0x48bba4]  report_fatal(char const*, int, char const*)+0x54
V  [libjvm.so+0x5e8ce0]  compute_offset(int&, klassOopDesc*, Symbol*, Symbol*, bool) [clone .constprop.120]+0xc0
V  [libjvm.so+0x5e8db6]  java_lang_String::compute_offsets()+0x36
V  [libjvm.so+0x8ce6ec]  SystemDictionary::initialize_preloaded_classes(Thread*)+0xcc
V  [libjvm.so+0x919fd8]  Universe::genesis(Thread*)+0x468
V  [libjvm.so+0x91a5e4]  universe2_init()+0x24
V  [libjvm.so+0x59d29a]  init_globals()+0x9a
V  [libjvm.so+0x8fd3bf]  Threads::create_vm(JavaVMInitArgs*, bool*)+0x35f
V  [libjvm.so+0x6085d4]  JNI_CreateJavaVM+0x54
C  [libjli.so+0x2b48]


---------------  P R O C E S S  ---------------

Java Threads: ( => current thread )

Other Threads:

=>0x00007f95a000c800 (exited) JavaThread "Unknown thread" [_thread_in_vm, id=7665, stack(0x00007f95a6eb7000,0x00007f95a6fb8000)]

VM state:not at safepoint (not fully initialized)

VM Mutex/Monitor currently owned by a thread: None

GC Heap History (0 events):
No events

Deoptimization events (0 events):
No events

Internal exceptions (0 events):
No events

Events (10 events):
Event: 0,065 loading class 0x00007f9592ade6f0 done
Event: 0,066 loading class 0x00007f9592ade110 done
Event: 0,066 loading class 0x00007f9592ade0f0
Event: 0,066 loading class 0x00007f9592ae61c0
Event: 0,066 loading class 0x00007f9592ae61c0 done
Event: 0,066 loading class 0x00007f9592ae61f0
Event: 0,066 loading class 0x00007f9592ae61f0 done
Event: 0,066 loading class 0x00007f9592ae6220
Event: 0,066 loading class 0x00007f9592ae6220 done
Event: 0,067 loading class 0x00007f9592ade0f0 done


Dynamic libraries:
00400000-00401000 r-xp 00000000 08:05 13241122                           /usr/lib/jvm/java-7-openjdk-amd64/jre/bin/java
00600000-00601000 r--p 00000000 08:05 13241122                           /usr/lib/jvm/java-7-openjdk-amd64/jre/bin/java
00601000-00602000 rw-p 00001000 08:05 13241122                           /usr/lib/jvm/java-7-openjdk-amd64/jre/bin/java
01191000-011b2000 rw-p 00000000 00:00 0                                  [heap]
701800000-702d00000 rw-p 00000000 00:00 0 
702d00000-70be00000 rw-p 00000000 00:00 0 
70be00000-716080000 rw-p 00000000 00:00 0 
716080000-7aea00000 rw-p 00000000 00:00 0 
7aea00000-7b3b80000 rw-p 00000000 00:00 0 
7b3b80000-800000000 rw-p 00000000 00:00 0 
7f9584000000-7f9584021000 rw-p 00000000 00:00 0 
7f9584021000-7f9588000000 ---p 00000000 00:00 0 
7f958c000000-7f958c021000 rw-p 00000000 00:00 0 
7f958c021000-7f9590000000 ---p 00000000 00:00 0 
7f9592738000-7f9592972000 rw-p 00000000 00:00 0 
7f9592972000-7f9592a68000 r--s 017aa000 08:05 25166162                   /opt/android-sdk-linux/platforms/android-21/android.jar
7f9592a68000-7f959b26d000 rw-p 00000000 00:00 0 
7f959b26d000-7f959b26e000 ---p 00000000 00:00 0 
7f959b26e000-7f959b36e000 rw-p 00000000 00:00 0                          [stack:7671]
7f959b36e000-7f959b36f000 ---p 00000000 00:00 0 
7f959b36f000-7f959b4c1000 rw-p 00000000 00:00 0                          [stack:7670]
7f959b4c1000-7f959b985000 rw-p 00000000 00:00 0 
7f959b985000-7f959b990000 rw-p 00000000 00:00 0 
7f959b990000-7f959b9d8000 rw-p 00000000 00:00 0 
7f959b9d8000-7f959ba2a000 rw-p 00000000 00:00 0 
7f959ba2a000-7f959beee000 rw-p 00000000 00:00 0 
7f959beee000-7f959bf17000 rw-p 00000000 00:00 0 
7f959bf17000-7f959c179000 rw-p 00000000 00:00 0 
7f959c179000-7f959c17a000 rw-p 00000000 00:00 0 
7f959c17a000-7f959c3ea000 rwxp 00000000 00:00 0 
7f959c3ea000-7f959f17a000 rw-p 00000000 00:00 0 
7f959f17a000-7f959f182000 r-xp 00000000 08:05 13240545                   /usr/lib/jvm/java-7-openjdk-amd64/jre/lib/amd64/libzip.so
7f959f182000-7f959f381000 ---p 00008000 08:05 13240545                   /usr/lib/jvm/java-7-openjdk-amd64/jre/lib/amd64/libzip.so
7f959f381000-7f959f382000 r--p 00007000 08:05 13240545                   /usr/lib/jvm/java-7-openjdk-amd64/jre/lib/amd64/libzip.so
7f959f382000-7f959f383000 rw-p 00008000 08:05 13240545                   /usr/lib/jvm/java-7-openjdk-amd64/jre/lib/amd64/libzip.so
7f959f383000-7f959f38e000 r-xp 00000000 08:05 7341046                    /lib/x86_64-linux-gnu/libnss_files-2.19.so
7f959f38e000-7f959f58d000 ---p 0000b000 08:05 7341046                    /lib/x86_64-linux-gnu/libnss_files-2.19.so
7f959f58d000-7f959f58e000 r--p 0000a000 08:05 7341046                    /lib/x86_64-linux-gnu/libnss_files-2.19.so
7f959f58e000-7f959f58f000 rw-p 0000b000 08:05 7341046                    /lib/x86_64-linux-gnu/libnss_files-2.19.so
7f959f58f000-7f959f59a000 r-xp 00000000 08:05 7341047                    /lib/x86_64-linux-gnu/libnss_nis-2.19.so
7f959f59a000-7f959f799000 ---p 0000b000 08:05 7341047                    /lib/x86_64-linux-gnu/libnss_nis-2.19.so
7f959f799000-7f959f79a000 r--p 0000a000 08:05 7341047                    /lib/x86_64-linux-gnu/libnss_nis-2.19.so
7f959f79a000-7f959f79b000 rw-p 0000b000 08:05 7341047                    /lib/x86_64-linux-gnu/libnss_nis-2.19.so
7f959f79b000-7f959f7b2000 r-xp 00000000 08:05 7340997                    /lib/x86_64-linux-gnu/libnsl-2.19.so
7f959f7b2000-7f959f9b1000 ---p 00017000 08:05 7340997                    /lib/x86_64-linux-gnu/libnsl-2.19.so
7f959f9b1000-7f959f9b2000 r--p 00016000 08:05 7340997                    /lib/x86_64-linux-gnu/libnsl-2.19.so
7f959f9b2000-7f959f9b3000 rw-p 00017000 08:05 7340997                    /lib/x86_64-linux-gnu/libnsl-2.19.so
7f959f9b3000-7f959f9b5000 rw-p 00000000 00:00 0 
7f959f9b5000-7f959f9be000 r-xp 00000000 08:05 7340061                    /lib/x86_64-linux-gnu/libnss_compat-2.19.so
7f959f9be000-7f959fbbd000 ---p 00009000 08:05 7340061                    /lib/x86_64-linux-gnu/libnss_compat-2.19.so
7f959fbbd000-7f959fbbe000 r--p 00008000 08:05 7340061                    /lib/x86_64-linux-gnu/libnss_compat-2.19.so
7f959fbbe000-7f959fbbf000 rw-p 00009000 08:05 7340061                    /lib/x86_64-linux-gnu/libnss_compat-2.19.so
7f959fbbf000-7f95a0000000 r--p 00000000 08:05 13113257                   /usr/lib/locale/locale-archive
7f95a0000000-7f95a0055000 rw-p 00000000 00:00 0 
7f95a0055000-7f95a4000000 ---p 00000000 00:00 0 
7f95a4010000-7f95a40be000 rw-p 00000000 00:00 0 
7f95a40be000-7f95a4106000 rw-p 00000000 00:00 0 
7f95a4106000-7f95a4109000 r-xp 00000000 08:05 13240910                   /usr/lib/jvm/java-7-openjdk-amd64/jre/lib/amd64/libnpt.so
7f95a4109000-7f95a4308000 ---p 00003000 08:05 13240910                   /usr/lib/jvm/java-7-openjdk-amd64/jre/lib/amd64/libnpt.so
7f95a4308000-7f95a4309000 r--p 00002000 08:05 13240910                   /usr/lib/jvm/java-7-openjdk-amd64/jre/lib/amd64/libnpt.so
7f95a4309000-7f95a430a000 rw-p 00003000 08:05 13240910                   /usr/lib/jvm/java-7-openjdk-amd64/jre/lib/amd64/libnpt.so
7f95a430a000-7f95a4344000 r-xp 00000000 08:05 13240905                   /usr/lib/jvm/java-7-openjdk-amd64/jre/lib/amd64/libjdwp.so
7f95a4344000-7f95a4543000 ---p 0003a000 08:05 13240905                   /usr/lib/jvm/java-7-openjdk-amd64/jre/lib/amd64/libjdwp.so
7f95a4543000-7f95a4544000 r--p 00039000 08:05 13240905                   /usr/lib/jvm/java-7-openjdk-amd64/jre/lib/amd64/libjdwp.so
7f95a4544000-7f95a4545000 rw-p 0003a000 08:05 13240905                   /usr/lib/jvm/java-7-openjdk-amd64/jre/lib/amd64/libjdwp.so
7f95a4545000-7f95a4570000 r-xp 00000000 08:05 13240624                   /usr/lib/jvm/java-7-openjdk-amd64/jre/lib/amd64/libjava.so
7f95a4570000-7f95a476f000 ---p 0002b000 08:05 13240624                   /usr/lib/jvm/java-7-openjdk-amd64/jre/lib/amd64/libjava.so
7f95a476f000-7f95a4770000 r--p 0002a000 08:05 13240624                   /usr/lib/jvm/java-7-openjdk-amd64/jre/lib/amd64/libjava.so
7f95a4770000-7f95a4772000 rw-p 0002b000 08:05 13240624                   /usr/lib/jvm/java-7-openjdk-amd64/jre/lib/amd64/libjava.so
7f95a4772000-7f95a4782000 r-xp 00000000 08:05 13240907                   /usr/lib/jvm/java-7-openjdk-amd64/jre/lib/amd64/libverify.so
7f95a4782000-7f95a4981000 ---p 00010000 08:05 13240907                   /usr/lib/jvm/java-7-openjdk-amd64/jre/lib/amd64/libverify.so
7f95a4981000-7f95a4983000 r--p 0000f000 08:05 13240907                   /usr/lib/jvm/java-7-openjdk-amd64/jre/lib/amd64/libverify.so
7f95a4983000-7f95a4984000 rw-p 00011000 08:05 13240907                   /usr/lib/jvm/java-7-openjdk-amd64/jre/lib/amd64/libverify.so
7f95a4984000-7f95a498b000 r-xp 00000000 08:05 7340999                    /lib/x86_64-linux-gnu/librt-2.19.so
7f95a498b000-7f95a4b8a000 ---p 00007000 08:05 7340999                    /lib/x86_64-linux-gnu/librt-2.19.so
7f95a4b8a000-7f95a4b8b000 r--p 00006000 08:05 7340999                    /lib/x86_64-linux-gnu/librt-2.19.so
7f95a4b8b000-7f95a4b8c000 rw-p 00007000 08:05 7340999                    /lib/x86_64-linux-gnu/librt-2.19.so
7f95a4b8c000-7f95a4ba2000 r-xp 00000000 08:05 7341031                    /lib/x86_64-linux-gnu/libgcc_s.so.1
7f95a4ba2000-7f95a4da1000 ---p 00016000 08:05 7341031                    /lib/x86_64-linux-gnu/libgcc_s.so.1
7f95a4da1000-7f95a4da2000 rw-p 00015000 08:05 7341031                    /lib/x86_64-linux-gnu/libgcc_s.so.1
7f95a4da2000-7f95a4ea7000 r-xp 00000000 08:05 7341021                    /lib/x86_64-linux-gnu/libm-2.19.so
7f95a4ea7000-7f95a50a6000 ---p 00105000 08:05 7341021                    /lib/x86_64-linux-gnu/libm-2.19.so
7f95a50a6000-7f95a50a7000 r--p 00104000 08:05 7341021                    /lib/x86_64-linux-gnu/libm-2.19.so
7f95a50a7000-7f95a50a8000 rw-p 00105000 08:05 7341021                    /lib/x86_64-linux-gnu/libm-2.19.so
7f95a50a8000-7f95a518e000 r-xp 00000000 08:05 13115415                   /usr/lib/x86_64-linux-gnu/libstdc++.so.6.0.19
7f95a518e000-7f95a538d000 ---p 000e6000 08:05 13115415                   /usr/lib/x86_64-linux-gnu/libstdc++.so.6.0.19
7f95a538d000-7f95a5395000 r--p 000e5000 08:05 13115415                   /usr/lib/x86_64-linux-gnu/libstdc++.so.6.0.19
7f95a5395000-7f95a5397000 rw-p 000ed000 08:05 13115415                   /usr/lib/x86_64-linux-gnu/libstdc++.so.6.0.19
7f95a5397000-7f95a53ac000 rw-p 00000000 00:00 0 
7f95a53ac000-7f95a5ec2000 r-xp 00000000 08:05 13240933                   /usr/lib/jvm/java-7-openjdk-amd64/jre/lib/amd64/server/libjvm.so
7f95a5ec2000-7f95a60c1000 ---p 00b16000 08:05 13240933                   /usr/lib/jvm/java-7-openjdk-amd64/jre/lib/amd64/server/libjvm.so
7f95a60c1000-7f95a615b000 r--p 00b15000 08:05 13240933                   /usr/lib/jvm/java-7-openjdk-amd64/jre/lib/amd64/server/libjvm.so
7f95a615b000-7f95a617e000 rw-p 00baf000 08:05 13240933                   /usr/lib/jvm/java-7-openjdk-amd64/jre/lib/amd64/server/libjvm.so
7f95a617e000-7f95a61ac000 rw-p 00000000 00:00 0 
7f95a61ac000-7f95a61c4000 r-xp 00000000 08:05 7344262                    /lib/x86_64-linux-gnu/libz.so.1.2.8
7f95a61c4000-7f95a63c3000 ---p 00018000 08:05 7344262                    /lib/x86_64-linux-gnu/libz.so.1.2.8
7f95a63c3000-7f95a63c4000 r--p 00017000 08:05 7344262                    /lib/x86_64-linux-gnu/libz.so.1.2.8
7f95a63c4000-7f95a63c5000 rw-p 00018000 08:05 7344262                    /lib/x86_64-linux-gnu/libz.so.1.2.8
7f95a63c5000-7f95a63de000 r-xp 00000000 08:05 7341060                    /lib/x86_64-linux-gnu/libpthread-2.19.so
7f95a63de000-7f95a65dd000 ---p 00019000 08:05 7341060                    /lib/x86_64-linux-gnu/libpthread-2.19.so
7f95a65dd000-7f95a65de000 r--p 00018000 08:05 7341060                    /lib/x86_64-linux-gnu/libpthread-2.19.so
7f95a65de000-7f95a65df000 rw-p 00019000 08:05 7341060                    /lib/x86_64-linux-gnu/libpthread-2.19.so
7f95a65df000-7f95a65e3000 rw-p 00000000 00:00 0 
7f95a65e3000-7f95a65e6000 r-xp 00000000 08:05 7341059                    /lib/x86_64-linux-gnu/libdl-2.19.so
7f95a65e6000-7f95a67e5000 ---p 00003000 08:05 7341059                    /lib/x86_64-linux-gnu/libdl-2.19.so
7f95a67e5000-7f95a67e6000 r--p 00002000 08:05 7341059                    /lib/x86_64-linux-gnu/libdl-2.19.so
7f95a67e6000-7f95a67e7000 rw-p 00003000 08:05 7341059                    /lib/x86_64-linux-gnu/libdl-2.19.so
7f95a67e7000-7f95a69a2000 r-xp 00000000 08:05 7341012                    /lib/x86_64-linux-gnu/libc-2.19.so
7f95a69a2000-7f95a6ba2000 ---p 001bb000 08:05 7341012                    /lib/x86_64-linux-gnu/libc-2.19.so
7f95a6ba2000-7f95a6ba6000 r--p 001bb000 08:05 7341012                    /lib/x86_64-linux-gnu/libc-2.19.so
7f95a6ba6000-7f95a6ba8000 rw-p 001bf000 08:05 7341012                    /lib/x86_64-linux-gnu/libc-2.19.so
7f95a6ba8000-7f95a6bad000 rw-p 00000000 00:00 0 
7f95a6bad000-7f95a6bba000 r-xp 00000000 08:05 13240598                   /usr/lib/jvm/java-7-openjdk-amd64/jre/lib/amd64/jli/libjli.so
7f95a6bba000-7f95a6db9000 ---p 0000d000 08:05 13240598                   /usr/lib/jvm/java-7-openjdk-amd64/jre/lib/amd64/jli/libjli.so
7f95a6db9000-7f95a6dba000 r--p 0000c000 08:05 13240598                   /usr/lib/jvm/java-7-openjdk-amd64/jre/lib/amd64/jli/libjli.so
7f95a6dba000-7f95a6dbb000 rw-p 0000d000 08:05 13240598                   /usr/lib/jvm/java-7-openjdk-amd64/jre/lib/amd64/jli/libjli.so
7f95a6dbb000-7f95a6dde000 r-xp 00000000 08:05 7341017                    /lib/x86_64-linux-gnu/ld-2.19.so
7f95a6df7000-7f95a6e01000 rw-p 00000000 00:00 0 
7f95a6e01000-7f95a6eb7000 rw-p 00000000 00:00 0 
7f95a6eb7000-7f95a6eba000 ---p 00000000 00:00 0 
7f95a6eba000-7f95a6fbd000 rw-p 00000000 00:00 0                          [stack:7665]
7f95a6fcf000-7f95a6fd1000 rw-p 00000000 00:00 0 
7f95a6fd1000-7f95a6fd9000 rw-s 00000000 08:05 11797111                   /tmp/hsperfdata_dennis/7663
7f95a6fd9000-7f95a6fda000 rw-p 00000000 00:00 0 
7f95a6fda000-7f95a6fdb000 r--p 00000000 00:00 0 
7f95a6fdb000-7f95a6fdd000 rw-p 00000000 00:00 0 
7f95a6fdd000-7f95a6fde000 r--p 00022000 08:05 7341017                    /lib/x86_64-linux-gnu/ld-2.19.so
7f95a6fde000-7f95a6fdf000 rw-p 00023000 08:05 7341017                    /lib/x86_64-linux-gnu/ld-2.19.so
7f95a6fdf000-7f95a6fe0000 rw-p 00000000 00:00 0 
7fffb0ae2000-7fffb0b03000 rw-p 00000000 00:00 0                          [stack]
7fffb0bfe000-7fffb0c00000 r-xp 00000000 00:00 0                          [vdso]
ffffffffff600000-ffffffffff601000 r-xp 00000000 00:00 0                  [vsyscall]

VM Arguments:
jvm_args: -agentlib:jdwp=transport=dt_socket,suspend=y,address=localhost:34578 -Dfile.encoding=UTF-8 -Xbootclasspath:/opt/android-sdk-linux/platforms/android-21/android.jar 
java_command: Caller
Launcher Type: SUN_STANDARD

Environment Variables:
PATH=/usr/local/sbin:/usr/local/bin:/usr/sbin:/usr/bin:/sbin:/bin:/usr/games:/usr/local/games
USERNAME=dennis
SHELL=/bin/bash
DISPLAY=:0.0

Signal Handlers:
SIGSEGV: [libjvm.so+0x9495e0], sa_mask[0]=0x7ffbfeff, sa_flags=0x10000004
SIGBUS: [libjvm.so+0x9495e0], sa_mask[0]=0x7ffbfeff, sa_flags=0x10000004
SIGFPE: [libjvm.so+0x7c3410], sa_mask[0]=0x7ffbfeff, sa_flags=0x10000004
SIGPIPE: [libjvm.so+0x7c3410], sa_mask[0]=0x7ffbfeff, sa_flags=0x10000004
SIGXFSZ: [libjvm.so+0x7c3410], sa_mask[0]=0x7ffbfeff, sa_flags=0x10000004
SIGILL: [libjvm.so+0x7c3410], sa_mask[0]=0x7ffbfeff, sa_flags=0x10000004
SIGUSR1: SIG_DFL, sa_mask[0]=0x00000000, sa_flags=0x00000000
SIGUSR2: [libjvm.so+0x7c32b0], sa_mask[0]=0x00000004, sa_flags=0x10000004
SIGHUP: SIG_DFL, sa_mask[0]=0x00000000, sa_flags=0x00000000
SIGINT: SIG_DFL, sa_mask[0]=0x00000000, sa_flags=0x00000000
SIGTERM: SIG_DFL, sa_mask[0]=0x00000000, sa_flags=0x00000000
SIGQUIT: SIG_DFL, sa_mask[0]=0x00000000, sa_flags=0x00000000
SIGTRAP: SIG_DFL, sa_mask[0]=0x00000000, sa_flags=0x00000000


---------------  S Y S T E M  ---------------

OS:LinuxMint 17 (qiana)
uname:Linux 3.13.0-24-generic #46-Ubuntu SMP Thu Apr 10 19:11:08 UTC 2014 x86_64
libc:glibc 2.19 NPTL 2.19 
rlimit: STACK 8192k, CORE 0k, NPROC 124742, NOFILE 4096, AS infinity
load average:0,78 0,76 0,81

/proc/meminfo:
MemTotal:       15998124 kB
MemFree:        12434268 kB
Buffers:          209684 kB
Cached:          1242268 kB
SwapCached:            0 kB
Active:          2418936 kB
Inactive:         785204 kB
Active(anon):    1753556 kB
Inactive(anon):    59252 kB
Active(file):     665380 kB
Inactive(file):   725952 kB
Unevictable:          76 kB
Mlocked:              76 kB
SwapTotal:      16333820 kB
SwapFree:       16333820 kB
Dirty:                88 kB
Writeback:             0 kB
AnonPages:       1752332 kB
Mapped:           260044 kB
Shmem:             60560 kB
Slab:             173572 kB
SReclaimable:     144880 kB
SUnreclaim:        28692 kB
KernelStack:        4424 kB
PageTables:        36468 kB
NFS_Unstable:          0 kB
Bounce:                0 kB
WritebackTmp:          0 kB
CommitLimit:    24332880 kB
Committed_AS:    5566160 kB
VmallocTotal:   34359738367 kB
VmallocUsed:      316088 kB
VmallocChunk:   34359408732 kB
HardwareCorrupted:     0 kB
AnonHugePages:    866304 kB
HugePages_Total:       0
HugePages_Free:        0
HugePages_Rsvd:        0
HugePages_Surp:        0
Hugepagesize:       2048 kB
DirectMap4k:       61128 kB
DirectMap2M:     3690496 kB
DirectMap1G:    12582912 kB


CPU:total 2 (2 cores per cpu, 1 threads per core) family 20 model 2 stepping 0, cmov, cx8, fxsr, mmx, sse, sse2, sse3, ssse3, popcnt, mmxext, lzcnt, sse4a, tsc, tscinvbit, tscinv

/proc/cpuinfo:
processor	: 0
vendor_id	: AuthenticAMD
cpu family	: 20
model		: 2
model name	: AMD E2-2000 APU with Radeon(tm) HD Graphics
stepping	: 0
microcode	: 0x500010d
cpu MHz		: 1750.000
cache size	: 512 KB
physical id	: 0
siblings	: 2
core id		: 0
cpu cores	: 2
apicid		: 0
initial apicid	: 0
fpu		: yes
fpu_exception	: yes
cpuid level	: 6
wp		: yes
flags		: fpu vme de pse tsc msr pae mce cx8 apic sep mtrr pge mca cmov pat pse36 clflush mmx fxsr sse sse2 ht syscall nx mmxext fxsr_opt pdpe1gb rdtscp lm constant_tsc rep_good nopl nonstop_tsc extd_apicid aperfmperf pni monitor ssse3 cx16 popcnt lahf_lm cmp_legacy svm extapic cr8_legacy abm sse4a misalignsse 3dnowprefetch ibs skinit wdt arat hw_pstate npt lbrv svm_lock nrip_save pausefilter
bogomips	: 3499.92
TLB size	: 1024 4K pages
clflush size	: 64
cache_alignment	: 64
address sizes	: 36 bits physical, 48 bits virtual
power management: ts ttp tm stc 100mhzsteps hwpstate

processor	: 1
vendor_id	: AuthenticAMD
cpu family	: 20
model		: 2
model name	: AMD E2-2000 APU with Radeon(tm) HD Graphics
stepping	: 0
microcode	: 0x500010d
cpu MHz		: 1750.000
cache size	: 512 KB
physical id	: 0
siblings	: 2
core id		: 1
cpu cores	: 2
apicid		: 1
initial apicid	: 1
fpu		: yes
fpu_exception	: yes
cpuid level	: 6
wp		: yes
flags		: fpu vme de pse tsc msr pae mce cx8 apic sep mtrr pge mca cmov pat pse36 clflush mmx fxsr sse sse2 ht syscall nx mmxext fxsr_opt pdpe1gb rdtscp lm constant_tsc rep_good nopl nonstop_tsc extd_apicid aperfmperf pni monitor ssse3 cx16 popcnt lahf_lm cmp_legacy svm extapic cr8_legacy abm sse4a misalignsse 3dnowprefetch ibs skinit wdt arat hw_pstate npt lbrv svm_lock nrip_save pausefilter
bogomips	: 3499.92
TLB size	: 1024 4K pages
clflush size	: 64
cache_alignment	: 64
address sizes	: 36 bits physical, 48 bits virtual
power management: ts ttp tm stc 100mhzsteps hwpstate



Memory: 4k page, physical 15998124k(12434268k free), swap 16333820k(16333820k free)

vm_info: OpenJDK 64-Bit Server VM (24.65-b04) for linux-amd64 JRE (1.7.0_65-b32), built on Oct 22 2014 04:37:44 by "buildd" with gcc 4.8.2

time: Wed Jan 28 15:37:57 2015
elapsed time: 0 seconds

